
======================================================================
=== ROUND 1/60 ===
======================================================================
--- Task 1: counting numbers ---
Input: 1 2 3 4 5
--- Task 2: alphabet pattern ---
Input: a b c d
--- Task 3: repeated pattern ---
Input: ababab
--- Task 4: even numbers ---
Input: 2 4 6 8
--- Task 5: simple math ---
Input: 1+1=2

======================================================================
=== ROUND 2/60 ===
======================================================================
--- Task 1: counting numbers ---
Input: 1 2 3 4 5
--- Task 2: alphabet pattern ---
Input: a b c d
--- Task 3: repeated pattern ---
Input: ababab
--- Task 4: even numbers ---
Input: 2 4 6 8
--- Task 5: simple math ---
Input: 1+1=2

======================================================================
=== ROUND 3/60 ===
======================================================================
--- Task 1: counting numbers ---
Input: 1 2 3 4 5
--- Task 2: alphabet pattern ---
Input: a b c d
--- Task 3: repeated pattern ---
Input: ababab
--- Task 4: even numbers ---
Input: 2 4 6 8
--- Task 5: simple math ---
Input: 1+1=2

======================================================================
=== ROUND 4/60 ===
======================================================================
--- Task 1: counting numbers ---
Input: 1 2 3 4 5
--- Task 2: alphabet pattern ---
Input: a b c d
--- Task 3: repeated pattern ---
Input: ababab
--- Task 4: even numbers ---
Input: 2 4 6 8
--- Task 5: simple math ---

[Progress: 20/120 tasks]
Input: 1+1=2

[Progress: 20/120 tasks]

[Progress: 20/120 tasks]

[Progress: 20/120 tasks]

======================================================================
=== ROUND 5/60 ===
======================================================================

[Progress: 20/120 tasks]

[Progress: 20/120 tasks]
--- Task 1: counting numbers ---
Input: 1 2 3 4 5
--- Task 2: alphabet pattern ---
Input: a b c d
--- Task 3: repeated pattern ---
Input: ababab
--- Task 4: even numbers ---
Input: 2 4 6 8
--- Task 5: simple math ---
Input: 1+1=2

======================================================================
=== ROUND 6/60 ===
======================================================================
--- Task 1: counting numbers ---
Input: 1 2 3 4 5
--- Task 2: alphabet pattern ---
Input: a b c d
--- Task 3: repeated pattern ---
Input: ababab
--- Task 4: even numbers ---
Input: 2 4 6 8
--- Task 5: simple math ---
Input: 1+1=2

======================================================================
=== ROUND 7/60 ===
======================================================================
--- Task 1: counting numbers ---
Input: 1 2 3 4 5
--- Task 2: alphabet pattern ---
Input: a b c d
--- Task 3: repeated pattern ---
Input: ababab
--- Task 4: even numbers ---
Input: 2 4 6 8
--- Task 5: simple math ---
Input: 1+1=2

======================================================================
=== ROUND 8/60 ===
======================================================================
--- Task 1: counting numbers ---
Input: 1 2 3 4 5
--- Task 2: alphabet pattern ---
Input: a b c d
--- Task 3: repeated pattern ---
Input: ababab
--- Task 4: even numbers ---
Input: 2 4 6 8
--- Task 5: simple math ---

[Progress: 40/120 tasks]
Input: 1+1=2

[Progress: 40/120 tasks]

[Progress: 40/120 tasks]

[Progress: 40/120 tasks]

======================================================================
=== ROUND 9/60 ===
======================================================================

[Progress: 40/120 tasks]

[Progress: 40/120 tasks]
--- Task 1: counting numbers ---
Input: 1 2 3 4 5
--- Task 2: alphabet pattern ---
Input: a b c d
--- Task 3: repeated pattern ---
Input: ababab
--- Task 4: even numbers ---
Input: 2 4 6 8
--- Task 5: simple math ---
Input: 1+1=2

======================================================================
=== ROUND 10/60 ===
======================================================================
--- Task 1: counting numbers ---
Input: 1 2 3 4 5
--- Task 2: alphabet pattern ---
Input: a b c d
--- Task 3: repeated pattern ---
Input: ababab
--- Task 4: even numbers ---
Input: 2 4 6 8
--- Task 5: simple math ---
Input: 1+1=2

======================================================================
=== ROUND 11/60 ===
======================================================================
--- Task 1: counting numbers ---
Input: 1 2 3 4 5
--- Task 2: alphabet pattern ---
Input: a b c d
--- Task 3: repeated pattern ---
Input: ababab
--- Task 4: even numbers ---
Input: 2 4 6 8
--- Task 5: simple math ---
Input: 1+1=2

======================================================================
=== ROUND 12/60 ===
======================================================================
--- Task 1: counting numbers ---
Input: 1 2 3 4 5
--- Task 2: alphabet pattern ---
Input: a b c d
--- Task 3: repeated pattern ---
Input: ababab
--- Task 4: even numbers ---
Input: 2 4 6 8
--- Task 5: simple math ---

[Progress: 60/120 tasks]
Input: 1+1=2

[Progress: 60/120 tasks]

[Progress: 60/120 tasks]

[Progress: 60/120 tasks]

======================================================================
=== ROUND 13/60 ===
======================================================================

[Progress: 60/120 tasks]

[Progress: 60/120 tasks]
